<?xml version="1.0" encoding="UTF-8"?>
<!-- Generated by org.testng.reporters.JUnitXMLReporter -->
<testsuite hostname="LAPTOP-CU870VSL" ignored="0" name="eBayHappyPath" tests="4" failures="0" timestamp="21 Jul 2018 19:02:40 GMT" time="213.357" errors="0">
  <testcase name="homePage_TestCase_001" time="98.699" classname="com.eBay.TestScripts.TestScript"/>
  <testcase name="searchResultPage_TestCase_002" time="14.646" classname="com.eBay.TestScripts.TestScript"/>
  <testcase name="productDetailsPage_TestCase_003" time="10.689" classname="com.eBay.TestScripts.TestScript"/>
  <testcase name="signInPage_TestCase_004" time="4.162" classname="com.eBay.TestScripts.TestScript"/>
</testsuite> <!-- eBayHappyPath -->
