<?xml version="1.0" encoding="UTF-8"?>
<!-- Generated by org.testng.reporters.JUnitXMLReporter -->
<testsuite hostname="LAPTOP-CU870VSL" ignored="0" name="eBayHappyPath" tests="4" failures="1" timestamp="30 Jul 2018 19:30:37 GMT" time="187.512" errors="0">
  <testcase name="@AfterMethod tearDown" time="1.261" classname="com.eBay.util.DriverTestCase">
    <failure type="org.openqa.selenium.WebDriverException" message="An unknown server-side error occurred while processing the command. Original error: Cannot get screenshot data because of &amp;apos;The size of the taken screenshot equals to zero.&amp;apos; (WARNING: The server did not provide any stacktrace information)
Command duration or timeout: 0 milliseconds
Build info: version: &amp;apos;3.6.0&amp;apos;, revision: &amp;apos;6fbf3ec767&amp;apos;, time: &amp;apos;2017-09-27T15:28:36.4Z&amp;apos;
System info: host: &amp;apos;LAPTOP-CU870VSL&amp;apos;, ip: &amp;apos;192.168.31.190&amp;apos;, os.name: &amp;apos;Windows 10&amp;apos;, os.arch: &amp;apos;amd64&amp;apos;, os.version: &amp;apos;10.0&amp;apos;, java.version: &amp;apos;1.8.0_151&amp;apos;
Driver info: io.appium.java_client.android.AndroidDriver
Capabilities [{app=C:\Users\Ahmer\Centralize\Appium\eBay\eBay_Automation_Framework\app\Android\eBay.apk, appPackage=com.ebay.mobile, deviceScreenSize=1080x1920, networkConnectionEnabled=true, noReset=false, warnings={}, appWaitActivity=SplashActivity, SplashActivity,OtherActivity, *, *.SplashActivity, appWaitPackage=com.ebay.mobile, databaseEnabled=false, adbPort=5038, deviceName=55e9b522, platform=LINUX, deviceUDID=55e9b522, appActivity=com.ebay.mobile.activities.MainActivity, desired={app=C:\Users\Ahmer\Centralize\Appium\eBay\eBay_Automation_Framework\app\Android\eBay.apk, noReset=false, platformVersion=6.0.1, appWaitActivity=SplashActivity, SplashActivity,OtherActivity, *, *.SplashActivity, udid=55e9b522, adbPort=5038, platformName=Android, deviceName=ONE E1003}, platformVersion=6.0.1, webStorageEnabled=false, locationContextEnabled=false, takesScreenshot=true, javascriptEnabled=true, deviceModel=ONE E1003, udid=55e9b522, deviceManufacturer=OnePlus, platformName=LINUX}]
Session ID: 130170da-8e24-4852-aaa1-adba25a74a34">
      <![CDATA[org.openqa.selenium.WebDriverException: An unknown server-side error occurred while processing the command. Original error: Cannot get screenshot data because of 'The size of the taken screenshot equals to zero.' (WARNING: The server did not provide any stacktrace information)
Command duration or timeout: 0 milliseconds
Build info: version: '3.6.0', revision: '6fbf3ec767', time: '2017-09-27T15:28:36.4Z'
System info: host: 'LAPTOP-CU870VSL', ip: '192.168.31.190', os.name: 'Windows 10', os.arch: 'amd64', os.version: '10.0', java.version: '1.8.0_151'
Driver info: io.appium.java_client.android.AndroidDriver
Capabilities [{app=C:\Users\Ahmer\Centralize\Appium\eBay\eBay_Automation_Framework\app\Android\eBay.apk, appPackage=com.ebay.mobile, deviceScreenSize=1080x1920, networkConnectionEnabled=true, noReset=false, warnings={}, appWaitActivity=SplashActivity, SplashActivity,OtherActivity, *, *.SplashActivity, appWaitPackage=com.ebay.mobile, databaseEnabled=false, adbPort=5038, deviceName=55e9b522, platform=LINUX, deviceUDID=55e9b522, appActivity=com.ebay.mobile.activities.MainActivity, desired={app=C:\Users\Ahmer\Centralize\Appium\eBay\eBay_Automation_Framework\app\Android\eBay.apk, noReset=false, platformVersion=6.0.1, appWaitActivity=SplashActivity, SplashActivity,OtherActivity, *, *.SplashActivity, udid=55e9b522, adbPort=5038, platformName=Android, deviceName=ONE E1003}, platformVersion=6.0.1, webStorageEnabled=false, locationContextEnabled=false, takesScreenshot=true, javascriptEnabled=true, deviceModel=ONE E1003, udid=55e9b522, deviceManufacturer=OnePlus, platformName=LINUX}]
Session ID: 130170da-8e24-4852-aaa1-adba25a74a34
	at org.openqa.selenium.remote.ErrorHandler.createThrowable(ErrorHandler.java:214)
	at org.openqa.selenium.remote.ErrorHandler.throwIfResponseFailed(ErrorHandler.java:166)
	at org.openqa.selenium.remote.http.JsonHttpResponseCodec.reconstructValue(JsonHttpResponseCodec.java:40)
	at org.openqa.selenium.remote.http.AbstractHttpResponseCodec.decode(AbstractHttpResponseCodec.java:82)
	at org.openqa.selenium.remote.http.AbstractHttpResponseCodec.decode(AbstractHttpResponseCodec.java:45)
	at org.openqa.selenium.remote.HttpCommandExecutor.execute(HttpCommandExecutor.java:164)
	at io.appium.java_client.remote.AppiumCommandExecutor.execute(AppiumCommandExecutor.java:89)
	at org.openqa.selenium.remote.RemoteWebDriver.execute(RemoteWebDriver.java:586)
	at io.appium.java_client.DefaultGenericMobileDriver.execute(DefaultGenericMobileDriver.java:46)
	at io.appium.java_client.AppiumDriver.execute(AppiumDriver.java:1)
	at io.appium.java_client.android.AndroidDriver.execute(AndroidDriver.java:1)
	at org.openqa.selenium.remote.RemoteWebDriver.getScreenshotAs(RemoteWebDriver.java:328)
	at com.eBay.util.DriverTestCase.tearDown(DriverTestCase.java:64)
... Removed 31 stack frames]]>
    </failure>
  </testcase> <!-- @AfterMethod tearDown -->
  <testcase name="@AfterClass aftertest" time="0.0" classname="com.eBay.util.DriverTestCase">
    <skipped/>
  </testcase> <!-- @AfterClass aftertest -->
  <testcase name="homePage_TestCase_001" time="101.024" classname="com.eBay.TestScripts.TestScript"/>
  <testcase name="searchResultPage_TestCase_002" time="17.095" classname="com.eBay.TestScripts.TestScript"/>
  <testcase name="productDetailsPage_TestCase_003" time="12.677" classname="com.eBay.TestScripts.TestScript"/>
  <testcase name="signInPage_TestCase_004" time="2.875" classname="com.eBay.TestScripts.TestScript">
    <failure type="org.openqa.selenium.WebDriverException" message="An unknown server-side error occurred while processing the command. (WARNING: The server did not provide any stacktrace information)
Command duration or timeout: 0 milliseconds
Build info: version: &amp;apos;3.6.0&amp;apos;, revision: &amp;apos;6fbf3ec767&amp;apos;, time: &amp;apos;2017-09-27T15:28:36.4Z&amp;apos;
System info: host: &amp;apos;LAPTOP-CU870VSL&amp;apos;, ip: &amp;apos;192.168.31.190&amp;apos;, os.name: &amp;apos;Windows 10&amp;apos;, os.arch: &amp;apos;amd64&amp;apos;, os.version: &amp;apos;10.0&amp;apos;, java.version: &amp;apos;1.8.0_151&amp;apos;
Driver info: io.appium.java_client.android.AndroidDriver
Capabilities [{app=C:\Users\Ahmer\Centralize\Appium\eBay\eBay_Automation_Framework\app\Android\eBay.apk, appPackage=com.ebay.mobile, deviceScreenSize=1080x1920, networkConnectionEnabled=true, noReset=false, warnings={}, appWaitActivity=SplashActivity, SplashActivity,OtherActivity, *, *.SplashActivity, appWaitPackage=com.ebay.mobile, databaseEnabled=false, adbPort=5038, deviceName=55e9b522, platform=LINUX, deviceUDID=55e9b522, appActivity=com.ebay.mobile.activities.MainActivity, desired={app=C:\Users\Ahmer\Centralize\Appium\eBay\eBay_Automation_Framework\app\Android\eBay.apk, noReset=false, platformVersion=6.0.1, appWaitActivity=SplashActivity, SplashActivity,OtherActivity, *, *.SplashActivity, udid=55e9b522, adbPort=5038, platformName=Android, deviceName=ONE E1003}, platformVersion=6.0.1, webStorageEnabled=false, locationContextEnabled=false, takesScreenshot=true, javascriptEnabled=true, deviceModel=ONE E1003, udid=55e9b522, deviceManufacturer=OnePlus, platformName=LINUX}]
Session ID: 130170da-8e24-4852-aaa1-adba25a74a34">
      <![CDATA[org.openqa.selenium.WebDriverException: An unknown server-side error occurred while processing the command. (WARNING: The server did not provide any stacktrace information)
Command duration or timeout: 0 milliseconds
Build info: version: '3.6.0', revision: '6fbf3ec767', time: '2017-09-27T15:28:36.4Z'
System info: host: 'LAPTOP-CU870VSL', ip: '192.168.31.190', os.name: 'Windows 10', os.arch: 'amd64', os.version: '10.0', java.version: '1.8.0_151'
Driver info: io.appium.java_client.android.AndroidDriver
Capabilities [{app=C:\Users\Ahmer\Centralize\Appium\eBay\eBay_Automation_Framework\app\Android\eBay.apk, appPackage=com.ebay.mobile, deviceScreenSize=1080x1920, networkConnectionEnabled=true, noReset=false, warnings={}, appWaitActivity=SplashActivity, SplashActivity,OtherActivity, *, *.SplashActivity, appWaitPackage=com.ebay.mobile, databaseEnabled=false, adbPort=5038, deviceName=55e9b522, platform=LINUX, deviceUDID=55e9b522, appActivity=com.ebay.mobile.activities.MainActivity, desired={app=C:\Users\Ahmer\Centralize\Appium\eBay\eBay_Automation_Framework\app\Android\eBay.apk, noReset=false, platformVersion=6.0.1, appWaitActivity=SplashActivity, SplashActivity,OtherActivity, *, *.SplashActivity, udid=55e9b522, adbPort=5038, platformName=Android, deviceName=ONE E1003}, platformVersion=6.0.1, webStorageEnabled=false, locationContextEnabled=false, takesScreenshot=true, javascriptEnabled=true, deviceModel=ONE E1003, udid=55e9b522, deviceManufacturer=OnePlus, platformName=LINUX}]
Session ID: 130170da-8e24-4852-aaa1-adba25a74a34
	at org.openqa.selenium.remote.ErrorHandler.createThrowable(ErrorHandler.java:214)
	at org.openqa.selenium.remote.ErrorHandler.throwIfResponseFailed(ErrorHandler.java:166)
	at org.openqa.selenium.remote.http.JsonHttpResponseCodec.reconstructValue(JsonHttpResponseCodec.java:40)
	at org.openqa.selenium.remote.http.AbstractHttpResponseCodec.decode(AbstractHttpResponseCodec.java:82)
	at org.openqa.selenium.remote.http.AbstractHttpResponseCodec.decode(AbstractHttpResponseCodec.java:45)
	at org.openqa.selenium.remote.HttpCommandExecutor.execute(HttpCommandExecutor.java:164)
	at io.appium.java_client.remote.AppiumCommandExecutor.execute(AppiumCommandExecutor.java:89)
	at org.openqa.selenium.remote.RemoteWebDriver.execute(RemoteWebDriver.java:586)
	at io.appium.java_client.DefaultGenericMobileDriver.execute(DefaultGenericMobileDriver.java:42)
	at io.appium.java_client.AppiumDriver.execute(AppiumDriver.java:1)
	at io.appium.java_client.android.AndroidDriver.execute(AndroidDriver.java:1)
	at io.appium.java_client.AppiumDriver.rotate(AppiumDriver.java:239)
	at com.eBay.PageHelper.eBayPageHelper.orientationTest(eBayPageHelper.java:327)
	at com.eBay.TestScripts.TestScript.signInPage_TestCase_004(TestScript.java:91)
... Removed 29 stack frames]]>
    </failure>
  </testcase> <!-- signInPage_TestCase_004 -->
</testsuite> <!-- eBayHappyPath -->
