<?xml version="1.0" encoding="UTF-8"?>
<testsuite name="eBayHappyPath"
           tests="10"
           failures="1"
           errors="0"
           skipped="9"
           time="7.999">
  <properties />
            <testcase name="setUp" time="7.998" classname="com.eBay.TestScripts.TestScript">
                <failure type="java.lang.NoSuchMethodError"
                  message="com.google.common.collect.ImmutableSet.toImmutableSet()Ljava/util/stream/Collector;"
              >
<![CDATA[java.lang.NoSuchMethodError: com.google.common.collect.ImmutableSet.toImmutableSet()Ljava/util/stream/Collector;
  org.openqa.selenium.remote.ProtocolHandshake.streamW3CProtocolParameters(ProtocolHandshake.java:262)
  org.openqa.selenium.remote.ProtocolHandshake.createSession(ProtocolHandshake.java:126)
  org.openqa.selenium.remote.HttpCommandExecutor.execute(HttpCommandExecutor.java:142)
  io.appium.java_client.remote.AppiumCommandExecutor.execute(AppiumCommandExecutor.java:89)
  org.openqa.selenium.remote.RemoteWebDriver.execute(RemoteWebDriver.java:586)
  io.appium.java_client.DefaultGenericMobileDriver.execute(DefaultGenericMobileDriver.java:42)
  io.appium.java_client.AppiumDriver.execute(AppiumDriver.java:1)
  io.appium.java_client.android.AndroidDriver.execute(AndroidDriver.java:1)
  org.openqa.selenium.remote.RemoteWebDriver.startSession(RemoteWebDriver.java:217)
  org.openqa.selenium.remote.RemoteWebDriver.<init>(RemoteWebDriver.java:140)
  io.appium.java_client.DefaultGenericMobileDriver.<init>(DefaultGenericMobileDriver.java:38)
  io.appium.java_client.AppiumDriver.<init>(AppiumDriver.java:83)
  io.appium.java_client.AppiumDriver.<init>(AppiumDriver.java:93)
  io.appium.java_client.android.AndroidDriver.<init>(AndroidDriver.java:72)
  com.eBay.util.DriverTestCase.startServer(DriverTestCase.java:110)
  com.eBay.util.DriverTestCase.setUp(DriverTestCase.java:50)
  sun.reflect.NativeMethodAccessorImpl.invoke0(Native Method)
  sun.reflect.NativeMethodAccessorImpl.invoke(Unknown Source)
  sun.reflect.DelegatingMethodAccessorImpl.invoke(Unknown Source)
  java.lang.reflect.Method.invoke(Unknown Source)
  org.testng.internal.MethodInvocationHelper.invokeMethod(MethodInvocationHelper.java:108)
  org.testng.internal.Invoker.invokeConfigurationMethod(Invoker.java:523)
  org.testng.internal.Invoker.invokeConfigurations(Invoker.java:224)
  org.testng.internal.Invoker.invokeConfigurations(Invoker.java:146)
  org.testng.internal.TestMethodWorker.invokeBeforeClassMethods(TestMethodWorker.java:165)
  org.testng.internal.TestMethodWorker.run(TestMethodWorker.java:105)
  org.testng.TestRunner.privateRun(TestRunner.java:776)
  org.testng.TestRunner.run(TestRunner.java:634)
  org.testng.SuiteRunner.runTest(SuiteRunner.java:425)
  org.testng.SuiteRunner.runSequentially(SuiteRunner.java:420)
  org.testng.SuiteRunner.privateRun(SuiteRunner.java:385)
  org.testng.SuiteRunner.run(SuiteRunner.java:334)
  org.testng.SuiteRunnerWorker.runSuite(SuiteRunnerWorker.java:52)
  org.testng.SuiteRunnerWorker.run(SuiteRunnerWorker.java:86)
  org.testng.TestNG.runSuitesSequentially(TestNG.java:1318)
  org.testng.TestNG.runSuitesLocally(TestNG.java:1243)
  org.testng.TestNG.runSuites(TestNG.java:1161)
  org.testng.TestNG.run(TestNG.java:1129)
  org.testng.remote.AbstractRemoteTestNG.run(AbstractRemoteTestNG.java:114)
  org.testng.remote.RemoteTestNG.initAndRun(RemoteTestNG.java:251)
  org.testng.remote.RemoteTestNG.main(RemoteTestNG.java:77)
]]>
      </failure>

          </testcase>
  
            <testcase name="tearDown" time="0.0" classname="com.eBay.TestScripts.TestScript">
          <skipped />
    </testcase>
            <testcase name="tearDown" time="0.0" classname="com.eBay.TestScripts.TestScript">
          <skipped />
    </testcase>
            <testcase name="aftertest" time="0.0" classname="com.eBay.TestScripts.TestScript">
          <skipped />
    </testcase>
            <testcase name="tearDown" time="0.0" classname="com.eBay.TestScripts.TestScript">
          <skipped />
    </testcase>
            <testcase name="tearDown" time="0.0" classname="com.eBay.TestScripts.TestScript">
          <skipped />
    </testcase>
            <testcase name="searchResultPage_TestCase_002" time="0.0" classname="com.eBay.TestScripts.TestScript">
          <skipped />
    </testcase>
            <testcase name="homePage_TestCase_001" time="0.0" classname="com.eBay.TestScripts.TestScript">
          <skipped />
    </testcase>
            <testcase name="signInPage_TestCase_004" time="0.0" classname="com.eBay.TestScripts.TestScript">
          <skipped />
    </testcase>
            <testcase name="productDetailsPage_TestCase_003" time="0.0" classname="com.eBay.TestScripts.TestScript">
          <skipped />
    </testcase>
  
  
</testsuite>
