<?xml version="1.0" encoding="UTF-8"?>
<testng-results skipped="0" failed="1" ignored="0" total="4" passed="3">
  <reporter-output>
    <line>
      <![CDATA[com.eBay.TestScripts.TestScript and Test method homePage_TestCase_001]]>
    </line>
    <line>
      <![CDATA[Screen orientation: PORTRAIT]]>
    </line>
    <line>
      <![CDATA[<img src="file://C:\Users\Ahmer\Centralize\Appium\eBay\eBay_Automation_Framework\attachedScreenshot\screenOrintation31-58-18-12-58-22.png" alt="" width='300' height='500'/>]]>
    </line>
    <line>
      <![CDATA[Successfully land on application home page..]]>
    </line>
    <line>
      <![CDATA[<img src="file://C:\Users\Ahmer\Centralize\Appium\eBay\eBay_Automation_Framework\attachedScreenshot\homePage31-59-18-12-59-45.png" alt="" width='300' height='500'/>]]>
    </line>
    <line>
      <![CDATA[ultra thin men / women / kids led digital fashion sports watch bracelet (n-1049) search keyword entered]]>
    </line>
    <line>
      <![CDATA[<img src="file://C:\Users\Ahmer\Centralize\Appium\eBay\eBay_Automation_Framework\attachedScreenshot\keyWordEntered31-00-18-01-00-01.png" alt="" width='300' height='500'/>]]>
    </line>
    <line>
      <![CDATA[Clicked on search item from auto-suggestion drop list.]]>
    </line>
    <line>
      <![CDATA[com.eBay.TestScripts.TestScript and Test method searchResultPage_TestCase_002]]>
    </line>
    <line>
      <![CDATA[Pop-up is appeared.]]>
    </line>
    <line>
      <![CDATA[<img src="file://C:\Users\Ahmer\Centralize\Appium\eBay\eBay_Automation_Framework\attachedScreenshot\popupAppeared31-00-18-01-00-07.png" alt="" width='300' height='500'/>]]>
    </line>
    <line>
      <![CDATA[Successfully landed on search result page.]]>
    </line>
    <line>
      <![CDATA[<img src="file://C:\Users\Ahmer\Centralize\Appium\eBay\eBay_Automation_Framework\attachedScreenshot\searchResultPage31-00-18-01-00-10.png" alt="" width='300' height='500'/>]]>
    </line>
    <line>
      <![CDATA[Clicked on Sort By button]]>
    </line>
    <line>
      <![CDATA[<img src="file://C:\Users\Ahmer\Centralize\Appium\eBay\eBay_Automation_Framework\attachedScreenshot\sortBy31-00-18-01-00-12.png" alt="" width='300' height='500'/>]]>
    </line>
    <line>
      <![CDATA[Pop-up is appeared.]]>
    </line>
    <line>
      <![CDATA[<img src="file://C:\Users\Ahmer\Centralize\Appium\eBay\eBay_Automation_Framework\attachedScreenshot\popupAppeared_afterSort31-00-18-01-00-17.png" alt="" width='300' height='500'/>]]>
    </line>
    <line>
      <![CDATA[com.eBay.TestScripts.TestScript and Test method productDetailsPage_TestCase_003]]>
    </line>
    <line>
      <![CDATA[Successfully landed on PDP]]>
    </line>
    <line>
      <![CDATA[Product image got swiped..]]>
    </line>
    <line>
      <![CDATA[<img src="file://C:\Users\Ahmer\Centralize\Appium\eBay\eBay_Automation_Framework\attachedScreenshot\imageSwiped31-00-18-01-00-25.png" alt="" width='300' height='500'/>]]>
    </line>
    <line>
      <![CDATA[Clicked on color drop down field]]>
    </line>
    <line>
      <![CDATA[<img src="file://C:\Users\Ahmer\Centralize\Appium\eBay\eBay_Automation_Framework\attachedScreenshot\colorDropDownField31-00-18-01-00-28.png" alt="" width='300' height='500'/>]]>
    </line>
    <line>
      <![CDATA[Clicked on Black color.]]>
    </line>
    <line>
      <![CDATA[<img src="file://C:\Users\Ahmer\Centralize\Appium\eBay\eBay_Automation_Framework\attachedScreenshot\selectColor31-00-18-01-00-30.png" alt="" width='300' height='500'/>]]>
    </line>
    <line>
      <![CDATA[Clicked on BuyIt Now button]]>
    </line>
    <line>
      <![CDATA[com.eBay.TestScripts.TestScript and Test method signInPage_TestCase_004]]>
    </line>
  </reporter-output>
  <suite name="eBayTest" duration-ms="187512" started-at="2018-07-30T19:27:30Z" finished-at="2018-07-30T19:30:37Z">
    <groups>
    </groups>
    <test name="eBayHappyPath" duration-ms="187512" started-at="2018-07-30T19:27:30Z" finished-at="2018-07-30T19:30:37Z">
      <class name="com.eBay.TestScripts.TestScript">
        <test-method status="PASS" signature="setUp(java.lang.String, java.lang.String, java.lang.String)[pri:0, instance:com.eBay.TestScripts.TestScript@731a74c]" name="setUp" is-config="true" duration-ms="52507" started-at="2018-07-31T00:57:30Z" finished-at="2018-07-31T00:58:22Z">
          <params>
            <param index="0">
              <value>
                <![CDATA[55e9b522]]>
              </value>
            </param>
            <param index="1">
              <value>
                <![CDATA[6.0.1]]>
              </value>
            </param>
            <param index="2">
              <value>
                <![CDATA[eBay.apk]]>
              </value>
            </param>
          </params>
          <reporter-output>
          </reporter-output>
        </test-method> <!-- setUp -->
        <test-method status="PASS" signature="homePage_TestCase_001()[pri:0, instance:com.eBay.TestScripts.TestScript@731a74c]" name="homePage_TestCase_001" duration-ms="101024" started-at="2018-07-31T00:58:22Z" finished-at="2018-07-31T01:00:03Z">
          <reporter-output>
            <line>
              <![CDATA[com.eBay.TestScripts.TestScript and Test method homePage_TestCase_001]]>
            </line>
            <line>
              <![CDATA[Screen orientation: PORTRAIT]]>
            </line>
            <line>
              <![CDATA[<img src="file://C:\Users\Ahmer\Centralize\Appium\eBay\eBay_Automation_Framework\attachedScreenshot\screenOrintation31-58-18-12-58-22.png" alt="" width='300' height='500'/>]]>
            </line>
            <line>
              <![CDATA[Successfully land on application home page..]]>
            </line>
            <line>
              <![CDATA[<img src="file://C:\Users\Ahmer\Centralize\Appium\eBay\eBay_Automation_Framework\attachedScreenshot\homePage31-59-18-12-59-45.png" alt="" width='300' height='500'/>]]>
            </line>
            <line>
              <![CDATA[ultra thin men / women / kids led digital fashion sports watch bracelet (n-1049) search keyword entered]]>
            </line>
            <line>
              <![CDATA[<img src="file://C:\Users\Ahmer\Centralize\Appium\eBay\eBay_Automation_Framework\attachedScreenshot\keyWordEntered31-00-18-01-00-01.png" alt="" width='300' height='500'/>]]>
            </line>
            <line>
              <![CDATA[Clicked on search item from auto-suggestion drop list.]]>
            </line>
          </reporter-output>
        </test-method> <!-- homePage_TestCase_001 -->
        <test-method status="PASS" signature="tearDown(org.testng.ITestResult)[pri:0, instance:com.eBay.TestScripts.TestScript@731a74c]" name="tearDown" is-config="true" duration-ms="0" started-at="2018-07-31T01:00:03Z" finished-at="2018-07-31T01:00:03Z">
          <params>
            <param index="0">
              <value>
                <![CDATA[[TestResult name=homePage_TestCase_001 status=SUCCESS method=TestScript.homePage_TestCase_001()[pri:0, instance:com.eBay.TestScripts.TestScript@731a74c] output=com.eBay.TestScripts.TestScript and Test method homePage_TestCase_001]]]>
              </value>
            </param>
          </params>
          <reporter-output>
          </reporter-output>
        </test-method> <!-- tearDown -->
        <test-method status="PASS" signature="searchResultPage_TestCase_002()[pri:0, instance:com.eBay.TestScripts.TestScript@731a74c]" name="searchResultPage_TestCase_002" duration-ms="17095" started-at="2018-07-31T01:00:03Z" finished-at="2018-07-31T01:00:20Z">
          <reporter-output>
            <line>
              <![CDATA[com.eBay.TestScripts.TestScript and Test method searchResultPage_TestCase_002]]>
            </line>
            <line>
              <![CDATA[Pop-up is appeared.]]>
            </line>
            <line>
              <![CDATA[<img src="file://C:\Users\Ahmer\Centralize\Appium\eBay\eBay_Automation_Framework\attachedScreenshot\popupAppeared31-00-18-01-00-07.png" alt="" width='300' height='500'/>]]>
            </line>
            <line>
              <![CDATA[Successfully landed on search result page.]]>
            </line>
            <line>
              <![CDATA[<img src="file://C:\Users\Ahmer\Centralize\Appium\eBay\eBay_Automation_Framework\attachedScreenshot\searchResultPage31-00-18-01-00-10.png" alt="" width='300' height='500'/>]]>
            </line>
            <line>
              <![CDATA[Clicked on Sort By button]]>
            </line>
            <line>
              <![CDATA[<img src="file://C:\Users\Ahmer\Centralize\Appium\eBay\eBay_Automation_Framework\attachedScreenshot\sortBy31-00-18-01-00-12.png" alt="" width='300' height='500'/>]]>
            </line>
            <line>
              <![CDATA[Pop-up is appeared.]]>
            </line>
            <line>
              <![CDATA[<img src="file://C:\Users\Ahmer\Centralize\Appium\eBay\eBay_Automation_Framework\attachedScreenshot\popupAppeared_afterSort31-00-18-01-00-17.png" alt="" width='300' height='500'/>]]>
            </line>
          </reporter-output>
        </test-method> <!-- searchResultPage_TestCase_002 -->
        <test-method status="PASS" signature="tearDown(org.testng.ITestResult)[pri:0, instance:com.eBay.TestScripts.TestScript@731a74c]" name="tearDown" is-config="true" duration-ms="1" started-at="2018-07-31T01:00:20Z" finished-at="2018-07-31T01:00:20Z">
          <params>
            <param index="0">
              <value>
                <![CDATA[[TestResult name=searchResultPage_TestCase_002 status=SUCCESS method=TestScript.searchResultPage_TestCase_002()[pri:0, instance:com.eBay.TestScripts.TestScript@731a74c] output=com.eBay.TestScripts.TestScript and Test method searchResultPage_TestCase_002]]]>
              </value>
            </param>
          </params>
          <reporter-output>
          </reporter-output>
        </test-method> <!-- tearDown -->
        <test-method status="PASS" signature="productDetailsPage_TestCase_003()[pri:0, instance:com.eBay.TestScripts.TestScript@731a74c]" name="productDetailsPage_TestCase_003" duration-ms="12677" started-at="2018-07-31T01:00:20Z" finished-at="2018-07-31T01:00:33Z">
          <reporter-output>
            <line>
              <![CDATA[com.eBay.TestScripts.TestScript and Test method productDetailsPage_TestCase_003]]>
            </line>
            <line>
              <![CDATA[Successfully landed on PDP]]>
            </line>
            <line>
              <![CDATA[Product image got swiped..]]>
            </line>
            <line>
              <![CDATA[<img src="file://C:\Users\Ahmer\Centralize\Appium\eBay\eBay_Automation_Framework\attachedScreenshot\imageSwiped31-00-18-01-00-25.png" alt="" width='300' height='500'/>]]>
            </line>
            <line>
              <![CDATA[Clicked on color drop down field]]>
            </line>
            <line>
              <![CDATA[<img src="file://C:\Users\Ahmer\Centralize\Appium\eBay\eBay_Automation_Framework\attachedScreenshot\colorDropDownField31-00-18-01-00-28.png" alt="" width='300' height='500'/>]]>
            </line>
            <line>
              <![CDATA[Clicked on Black color.]]>
            </line>
            <line>
              <![CDATA[<img src="file://C:\Users\Ahmer\Centralize\Appium\eBay\eBay_Automation_Framework\attachedScreenshot\selectColor31-00-18-01-00-30.png" alt="" width='300' height='500'/>]]>
            </line>
            <line>
              <![CDATA[Clicked on BuyIt Now button]]>
            </line>
          </reporter-output>
        </test-method> <!-- productDetailsPage_TestCase_003 -->
        <test-method status="PASS" signature="tearDown(org.testng.ITestResult)[pri:0, instance:com.eBay.TestScripts.TestScript@731a74c]" name="tearDown" is-config="true" duration-ms="1" started-at="2018-07-31T01:00:33Z" finished-at="2018-07-31T01:00:33Z">
          <params>
            <param index="0">
              <value>
                <![CDATA[[TestResult name=productDetailsPage_TestCase_003 status=SUCCESS method=TestScript.productDetailsPage_TestCase_003()[pri:0, instance:com.eBay.TestScripts.TestScript@731a74c] output=com.eBay.TestScripts.TestScript and Test method productDetailsPage_TestCase_003]]]>
              </value>
            </param>
          </params>
          <reporter-output>
          </reporter-output>
        </test-method> <!-- tearDown -->
        <test-method status="FAIL" signature="signInPage_TestCase_004()[pri:0, instance:com.eBay.TestScripts.TestScript@731a74c]" name="signInPage_TestCase_004" duration-ms="2875" started-at="2018-07-31T01:00:33Z" finished-at="2018-07-31T01:00:36Z">
          <exception class="org.openqa.selenium.WebDriverException">
            <message>
              <![CDATA[An unknown server-side error occurred while processing the command. (WARNING: The server did not provide any stacktrace information)
Command duration or timeout: 0 milliseconds
Build info: version: '3.6.0', revision: '6fbf3ec767', time: '2017-09-27T15:28:36.4Z'
System info: host: 'LAPTOP-CU870VSL', ip: '192.168.31.190', os.name: 'Windows 10', os.arch: 'amd64', os.version: '10.0', java.version: '1.8.0_151'
Driver info: io.appium.java_client.android.AndroidDriver
Capabilities [{app=C:\Users\Ahmer\Centralize\Appium\eBay\eBay_Automation_Framework\app\Android\eBay.apk, appPackage=com.ebay.mobile, deviceScreenSize=1080x1920, networkConnectionEnabled=true, noReset=false, warnings={}, appWaitActivity=SplashActivity, SplashActivity,OtherActivity, *, *.SplashActivity, appWaitPackage=com.ebay.mobile, databaseEnabled=false, adbPort=5038, deviceName=55e9b522, platform=LINUX, deviceUDID=55e9b522, appActivity=com.ebay.mobile.activities.MainActivity, desired={app=C:\Users\Ahmer\Centralize\Appium\eBay\eBay_Automation_Framework\app\Android\eBay.apk, noReset=false, platformVersion=6.0.1, appWaitActivity=SplashActivity, SplashActivity,OtherActivity, *, *.SplashActivity, udid=55e9b522, adbPort=5038, platformName=Android, deviceName=ONE E1003}, platformVersion=6.0.1, webStorageEnabled=false, locationContextEnabled=false, takesScreenshot=true, javascriptEnabled=true, deviceModel=ONE E1003, udid=55e9b522, deviceManufacturer=OnePlus, platformName=LINUX}]
Session ID: 130170da-8e24-4852-aaa1-adba25a74a34]]>
            </message>
            <full-stacktrace>
              <![CDATA[org.openqa.selenium.WebDriverException: An unknown server-side error occurred while processing the command. (WARNING: The server did not provide any stacktrace information)
Command duration or timeout: 0 milliseconds
Build info: version: '3.6.0', revision: '6fbf3ec767', time: '2017-09-27T15:28:36.4Z'
System info: host: 'LAPTOP-CU870VSL', ip: '192.168.31.190', os.name: 'Windows 10', os.arch: 'amd64', os.version: '10.0', java.version: '1.8.0_151'
Driver info: io.appium.java_client.android.AndroidDriver
Capabilities [{app=C:\Users\Ahmer\Centralize\Appium\eBay\eBay_Automation_Framework\app\Android\eBay.apk, appPackage=com.ebay.mobile, deviceScreenSize=1080x1920, networkConnectionEnabled=true, noReset=false, warnings={}, appWaitActivity=SplashActivity, SplashActivity,OtherActivity, *, *.SplashActivity, appWaitPackage=com.ebay.mobile, databaseEnabled=false, adbPort=5038, deviceName=55e9b522, platform=LINUX, deviceUDID=55e9b522, appActivity=com.ebay.mobile.activities.MainActivity, desired={app=C:\Users\Ahmer\Centralize\Appium\eBay\eBay_Automation_Framework\app\Android\eBay.apk, noReset=false, platformVersion=6.0.1, appWaitActivity=SplashActivity, SplashActivity,OtherActivity, *, *.SplashActivity, udid=55e9b522, adbPort=5038, platformName=Android, deviceName=ONE E1003}, platformVersion=6.0.1, webStorageEnabled=false, locationContextEnabled=false, takesScreenshot=true, javascriptEnabled=true, deviceModel=ONE E1003, udid=55e9b522, deviceManufacturer=OnePlus, platformName=LINUX}]
Session ID: 130170da-8e24-4852-aaa1-adba25a74a34
	at sun.reflect.NativeConstructorAccessorImpl.newInstance0(Native Method)
	at sun.reflect.NativeConstructorAccessorImpl.newInstance(Unknown Source)
	at sun.reflect.DelegatingConstructorAccessorImpl.newInstance(Unknown Source)
	at java.lang.reflect.Constructor.newInstance(Unknown Source)
	at org.openqa.selenium.remote.ErrorHandler.createThrowable(ErrorHandler.java:214)
	at org.openqa.selenium.remote.ErrorHandler.throwIfResponseFailed(ErrorHandler.java:166)
	at org.openqa.selenium.remote.http.JsonHttpResponseCodec.reconstructValue(JsonHttpResponseCodec.java:40)
	at org.openqa.selenium.remote.http.AbstractHttpResponseCodec.decode(AbstractHttpResponseCodec.java:82)
	at org.openqa.selenium.remote.http.AbstractHttpResponseCodec.decode(AbstractHttpResponseCodec.java:45)
	at org.openqa.selenium.remote.HttpCommandExecutor.execute(HttpCommandExecutor.java:164)
	at io.appium.java_client.remote.AppiumCommandExecutor.execute(AppiumCommandExecutor.java:89)
	at org.openqa.selenium.remote.RemoteWebDriver.execute(RemoteWebDriver.java:586)
	at io.appium.java_client.DefaultGenericMobileDriver.execute(DefaultGenericMobileDriver.java:42)
	at io.appium.java_client.AppiumDriver.execute(AppiumDriver.java:1)
	at io.appium.java_client.android.AndroidDriver.execute(AndroidDriver.java:1)
	at io.appium.java_client.AppiumDriver.rotate(AppiumDriver.java:239)
	at com.eBay.PageHelper.eBayPageHelper.orientationTest(eBayPageHelper.java:327)
	at com.eBay.TestScripts.TestScript.signInPage_TestCase_004(TestScript.java:91)
	at sun.reflect.NativeMethodAccessorImpl.invoke0(Native Method)
	at sun.reflect.NativeMethodAccessorImpl.invoke(Unknown Source)
	at sun.reflect.DelegatingMethodAccessorImpl.invoke(Unknown Source)
	at java.lang.reflect.Method.invoke(Unknown Source)
	at org.testng.internal.MethodInvocationHelper.invokeMethod(MethodInvocationHelper.java:108)
	at org.testng.internal.Invoker.invokeMethod(Invoker.java:669)
	at org.testng.internal.Invoker.invokeTestMethod(Invoker.java:877)
	at org.testng.internal.Invoker.invokeTestMethods(Invoker.java:1201)
	at org.testng.internal.TestMethodWorker.invokeTestMethods(TestMethodWorker.java:125)
	at org.testng.internal.TestMethodWorker.run(TestMethodWorker.java:109)
	at org.testng.TestRunner.privateRun(TestRunner.java:776)
	at org.testng.TestRunner.run(TestRunner.java:634)
	at org.testng.SuiteRunner.runTest(SuiteRunner.java:425)
	at org.testng.SuiteRunner.runSequentially(SuiteRunner.java:420)
	at org.testng.SuiteRunner.privateRun(SuiteRunner.java:385)
	at org.testng.SuiteRunner.run(SuiteRunner.java:334)
	at org.testng.SuiteRunnerWorker.runSuite(SuiteRunnerWorker.java:52)
	at org.testng.SuiteRunnerWorker.run(SuiteRunnerWorker.java:86)
	at org.testng.TestNG.runSuitesSequentially(TestNG.java:1318)
	at org.testng.TestNG.runSuitesLocally(TestNG.java:1243)
	at org.testng.TestNG.runSuites(TestNG.java:1161)
	at org.testng.TestNG.run(TestNG.java:1129)
	at org.testng.remote.AbstractRemoteTestNG.run(AbstractRemoteTestNG.java:114)
	at org.testng.remote.RemoteTestNG.initAndRun(RemoteTestNG.java:251)
	at org.testng.remote.RemoteTestNG.main(RemoteTestNG.java:77)
]]>
            </full-stacktrace>
          </exception> <!-- org.openqa.selenium.WebDriverException -->
          <reporter-output>
            <line>
              <![CDATA[com.eBay.TestScripts.TestScript and Test method signInPage_TestCase_004]]>
            </line>
          </reporter-output>
        </test-method> <!-- signInPage_TestCase_004 -->
        <test-method status="FAIL" signature="tearDown(org.testng.ITestResult)[pri:0, instance:com.eBay.TestScripts.TestScript@731a74c]" name="tearDown" is-config="true" duration-ms="1261" started-at="2018-07-31T01:00:36Z" finished-at="2018-07-31T01:00:37Z">
          <params>
            <param index="0">
              <value>
                <![CDATA[[TestResult name=signInPage_TestCase_004 status=FAILURE method=TestScript.signInPage_TestCase_004()[pri:0, instance:com.eBay.TestScripts.TestScript@731a74c] output=com.eBay.TestScripts.TestScript and Test method signInPage_TestCase_004]]]>
              </value>
            </param>
          </params>
          <exception class="org.openqa.selenium.WebDriverException">
            <message>
              <![CDATA[An unknown server-side error occurred while processing the command. Original error: Cannot get screenshot data because of 'The size of the taken screenshot equals to zero.' (WARNING: The server did not provide any stacktrace information)
Command duration or timeout: 0 milliseconds
Build info: version: '3.6.0', revision: '6fbf3ec767', time: '2017-09-27T15:28:36.4Z'
System info: host: 'LAPTOP-CU870VSL', ip: '192.168.31.190', os.name: 'Windows 10', os.arch: 'amd64', os.version: '10.0', java.version: '1.8.0_151'
Driver info: io.appium.java_client.android.AndroidDriver
Capabilities [{app=C:\Users\Ahmer\Centralize\Appium\eBay\eBay_Automation_Framework\app\Android\eBay.apk, appPackage=com.ebay.mobile, deviceScreenSize=1080x1920, networkConnectionEnabled=true, noReset=false, warnings={}, appWaitActivity=SplashActivity, SplashActivity,OtherActivity, *, *.SplashActivity, appWaitPackage=com.ebay.mobile, databaseEnabled=false, adbPort=5038, deviceName=55e9b522, platform=LINUX, deviceUDID=55e9b522, appActivity=com.ebay.mobile.activities.MainActivity, desired={app=C:\Users\Ahmer\Centralize\Appium\eBay\eBay_Automation_Framework\app\Android\eBay.apk, noReset=false, platformVersion=6.0.1, appWaitActivity=SplashActivity, SplashActivity,OtherActivity, *, *.SplashActivity, udid=55e9b522, adbPort=5038, platformName=Android, deviceName=ONE E1003}, platformVersion=6.0.1, webStorageEnabled=false, locationContextEnabled=false, takesScreenshot=true, javascriptEnabled=true, deviceModel=ONE E1003, udid=55e9b522, deviceManufacturer=OnePlus, platformName=LINUX}]
Session ID: 130170da-8e24-4852-aaa1-adba25a74a34]]>
            </message>
            <full-stacktrace>
              <![CDATA[org.openqa.selenium.WebDriverException: An unknown server-side error occurred while processing the command. Original error: Cannot get screenshot data because of 'The size of the taken screenshot equals to zero.' (WARNING: The server did not provide any stacktrace information)
Command duration or timeout: 0 milliseconds
Build info: version: '3.6.0', revision: '6fbf3ec767', time: '2017-09-27T15:28:36.4Z'
System info: host: 'LAPTOP-CU870VSL', ip: '192.168.31.190', os.name: 'Windows 10', os.arch: 'amd64', os.version: '10.0', java.version: '1.8.0_151'
Driver info: io.appium.java_client.android.AndroidDriver
Capabilities [{app=C:\Users\Ahmer\Centralize\Appium\eBay\eBay_Automation_Framework\app\Android\eBay.apk, appPackage=com.ebay.mobile, deviceScreenSize=1080x1920, networkConnectionEnabled=true, noReset=false, warnings={}, appWaitActivity=SplashActivity, SplashActivity,OtherActivity, *, *.SplashActivity, appWaitPackage=com.ebay.mobile, databaseEnabled=false, adbPort=5038, deviceName=55e9b522, platform=LINUX, deviceUDID=55e9b522, appActivity=com.ebay.mobile.activities.MainActivity, desired={app=C:\Users\Ahmer\Centralize\Appium\eBay\eBay_Automation_Framework\app\Android\eBay.apk, noReset=false, platformVersion=6.0.1, appWaitActivity=SplashActivity, SplashActivity,OtherActivity, *, *.SplashActivity, udid=55e9b522, adbPort=5038, platformName=Android, deviceName=ONE E1003}, platformVersion=6.0.1, webStorageEnabled=false, locationContextEnabled=false, takesScreenshot=true, javascriptEnabled=true, deviceModel=ONE E1003, udid=55e9b522, deviceManufacturer=OnePlus, platformName=LINUX}]
Session ID: 130170da-8e24-4852-aaa1-adba25a74a34
	at sun.reflect.NativeConstructorAccessorImpl.newInstance0(Native Method)
	at sun.reflect.NativeConstructorAccessorImpl.newInstance(Unknown Source)
	at sun.reflect.DelegatingConstructorAccessorImpl.newInstance(Unknown Source)
	at java.lang.reflect.Constructor.newInstance(Unknown Source)
	at org.openqa.selenium.remote.ErrorHandler.createThrowable(ErrorHandler.java:214)
	at org.openqa.selenium.remote.ErrorHandler.throwIfResponseFailed(ErrorHandler.java:166)
	at org.openqa.selenium.remote.http.JsonHttpResponseCodec.reconstructValue(JsonHttpResponseCodec.java:40)
	at org.openqa.selenium.remote.http.AbstractHttpResponseCodec.decode(AbstractHttpResponseCodec.java:82)
	at org.openqa.selenium.remote.http.AbstractHttpResponseCodec.decode(AbstractHttpResponseCodec.java:45)
	at org.openqa.selenium.remote.HttpCommandExecutor.execute(HttpCommandExecutor.java:164)
	at io.appium.java_client.remote.AppiumCommandExecutor.execute(AppiumCommandExecutor.java:89)
	at org.openqa.selenium.remote.RemoteWebDriver.execute(RemoteWebDriver.java:586)
	at io.appium.java_client.DefaultGenericMobileDriver.execute(DefaultGenericMobileDriver.java:46)
	at io.appium.java_client.AppiumDriver.execute(AppiumDriver.java:1)
	at io.appium.java_client.android.AndroidDriver.execute(AndroidDriver.java:1)
	at org.openqa.selenium.remote.RemoteWebDriver.getScreenshotAs(RemoteWebDriver.java:328)
	at com.eBay.util.DriverTestCase.tearDown(DriverTestCase.java:64)
	at sun.reflect.NativeMethodAccessorImpl.invoke0(Native Method)
	at sun.reflect.NativeMethodAccessorImpl.invoke(Unknown Source)
	at sun.reflect.DelegatingMethodAccessorImpl.invoke(Unknown Source)
	at java.lang.reflect.Method.invoke(Unknown Source)
	at org.testng.internal.MethodInvocationHelper.invokeMethod(MethodInvocationHelper.java:108)
	at org.testng.internal.Invoker.invokeConfigurationMethod(Invoker.java:523)
	at org.testng.internal.Invoker.invokeConfigurations(Invoker.java:224)
	at org.testng.internal.Invoker.invokeMethod(Invoker.java:731)
	at org.testng.internal.Invoker.invokeTestMethod(Invoker.java:877)
	at org.testng.internal.Invoker.invokeTestMethods(Invoker.java:1201)
	at org.testng.internal.TestMethodWorker.invokeTestMethods(TestMethodWorker.java:125)
	at org.testng.internal.TestMethodWorker.run(TestMethodWorker.java:109)
	at org.testng.TestRunner.privateRun(TestRunner.java:776)
	at org.testng.TestRunner.run(TestRunner.java:634)
	at org.testng.SuiteRunner.runTest(SuiteRunner.java:425)
	at org.testng.SuiteRunner.runSequentially(SuiteRunner.java:420)
	at org.testng.SuiteRunner.privateRun(SuiteRunner.java:385)
	at org.testng.SuiteRunner.run(SuiteRunner.java:334)
	at org.testng.SuiteRunnerWorker.runSuite(SuiteRunnerWorker.java:52)
	at org.testng.SuiteRunnerWorker.run(SuiteRunnerWorker.java:86)
	at org.testng.TestNG.runSuitesSequentially(TestNG.java:1318)
	at org.testng.TestNG.runSuitesLocally(TestNG.java:1243)
	at org.testng.TestNG.runSuites(TestNG.java:1161)
	at org.testng.TestNG.run(TestNG.java:1129)
	at org.testng.remote.AbstractRemoteTestNG.run(AbstractRemoteTestNG.java:114)
	at org.testng.remote.RemoteTestNG.initAndRun(RemoteTestNG.java:251)
	at org.testng.remote.RemoteTestNG.main(RemoteTestNG.java:77)
]]>
            </full-stacktrace>
          </exception> <!-- org.openqa.selenium.WebDriverException -->
          <reporter-output>
          </reporter-output>
        </test-method> <!-- tearDown -->
        <test-method status="SKIP" signature="aftertest()[pri:0, instance:com.eBay.TestScripts.TestScript@731a74c]" name="aftertest" is-config="true" duration-ms="0" started-at="2018-07-31T01:00:37Z" finished-at="2018-07-31T01:00:37Z">
          <reporter-output>
          </reporter-output>
        </test-method> <!-- aftertest -->
      </class> <!-- com.eBay.TestScripts.TestScript -->
    </test> <!-- eBayHappyPath -->
  </suite> <!-- eBayTest -->
</testng-results>
